<?xml version="1.0" encoding="UTF-8"?>
<coverage generated="1765142890831" clover="3.2.0">
  <project timestamp="1765142890831" name="All files">
    <metrics statements="44" coveredstatements="33" conditionals="8" coveredconditionals="6" methods="12" coveredmethods="7" elements="64" coveredelements="46" complexity="0" loc="44" ncloc="44" packages="4" files="9" classes="9"/>
    <package name="src">
      <metrics statements="11" coveredstatements="7" conditionals="2" coveredconditionals="1" methods="1" coveredmethods="0"/>
      <file name="app.ts" path="C:\Users\pedro\Desktop\Cursos\Rocketseat\nodejs\src\app.ts">
        <metrics statements="9" coveredstatements="7" conditionals="2" coveredconditionals="1" methods="0" coveredmethods="0"/>
        <line num="9" count="3" type="stmt"/>
        <line num="21" count="3" type="cond" truecount="1" falsecount="1"/>
        <line num="22" count="0" type="stmt"/>
        <line num="32" count="0" type="stmt"/>
        <line num="40" count="3" type="stmt"/>
        <line num="41" count="3" type="stmt"/>
        <line num="43" count="3" type="stmt"/>
        <line num="44" count="3" type="stmt"/>
        <line num="45" count="3" type="stmt"/>
      </file>
      <file name="server.ts" path="C:\Users\pedro\Desktop\Cursos\Rocketseat\nodejs\src\server.ts">
        <metrics statements="2" coveredstatements="0" conditionals="0" coveredconditionals="0" methods="1" coveredmethods="0"/>
        <line num="3" count="0" type="stmt"/>
        <line num="4" count="0" type="stmt"/>
      </file>
    </package>
    <package name="src.database">
      <metrics statements="11" coveredstatements="4" conditionals="0" coveredconditionals="0" methods="4" coveredmethods="0"/>
      <file name="client.ts" path="C:\Users\pedro\Desktop\Cursos\Rocketseat\nodejs\src\database\client.ts">
        <metrics statements="1" coveredstatements="1" conditionals="0" coveredconditionals="0" methods="0" coveredmethods="0"/>
        <line num="4" count="3" type="stmt"/>
      </file>
      <file name="schema.ts" path="C:\Users\pedro\Desktop\Cursos\Rocketseat\nodejs\src\database\schema.ts">
        <metrics statements="6" coveredstatements="3" conditionals="0" coveredconditionals="0" methods="3" coveredmethods="0"/>
        <line num="4" count="3" type="stmt"/>
        <line num="10" count="3" type="stmt"/>
        <line num="16" count="3" type="stmt"/>
        <line num="18" count="0" type="stmt"/>
        <line num="19" count="0" type="stmt"/>
        <line num="21" count="0" type="stmt"/>
      </file>
      <file name="seed.ts" path="C:\Users\pedro\Desktop\Cursos\Rocketseat\nodejs\src\database\seed.ts">
        <metrics statements="4" coveredstatements="0" conditionals="0" coveredconditionals="0" methods="1" coveredmethods="0"/>
        <line num="6" count="0" type="stmt"/>
        <line num="13" count="0" type="stmt"/>
        <line num="19" count="0" type="stmt"/>
        <line num="27" count="0" type="stmt"/>
      </file>
    </package>
    <package name="src.routes">
      <metrics statements="20" coveredstatements="20" conditionals="4" coveredconditionals="3" methods="6" coveredmethods="6"/>
      <file name="create-course.ts" path="C:\Users\pedro\Desktop\Cursos\Rocketseat\nodejs\src\routes\create-course.ts">
        <metrics statements="5" coveredstatements="5" conditionals="0" coveredconditionals="0" methods="2" coveredmethods="2"/>
        <line num="6" count="3" type="stmt"/>
        <line num="7" count="3" type="stmt"/>
        <line num="19" count="1" type="stmt"/>
        <line num="21" count="1" type="stmt"/>
        <line num="26" count="1" type="stmt"/>
      </file>
      <file name="get-course-by-id.ts" path="C:\Users\pedro\Desktop\Cursos\Rocketseat\nodejs\src\routes\get-course-by-id.ts">
        <metrics statements="7" coveredstatements="7" conditionals="2" coveredconditionals="2" methods="2" coveredmethods="2"/>
        <line num="7" count="3" type="stmt"/>
        <line num="8" count="3" type="stmt"/>
        <line num="27" count="2" type="stmt"/>
        <line num="29" count="2" type="stmt"/>
        <line num="34" count="2" type="cond" truecount="2" falsecount="0"/>
        <line num="35" count="1" type="stmt"/>
        <line num="38" count="1" type="stmt"/>
      </file>
      <file name="get-courses.ts" path="C:\Users\pedro\Desktop\Cursos\Rocketseat\nodejs\src\routes\get-courses.ts">
        <metrics statements="8" coveredstatements="8" conditionals="2" coveredconditionals="1" methods="2" coveredmethods="2"/>
        <line num="7" count="3" type="stmt"/>
        <line num="8" count="3" type="stmt"/>
        <line num="31" count="1" type="stmt"/>
        <line num="33" count="1" type="stmt"/>
        <line num="35" count="1" type="cond" truecount="1" falsecount="1"/>
        <line num="36" count="1" type="stmt"/>
        <line num="39" count="1" type="stmt"/>
        <line num="56" count="1" type="stmt"/>
      </file>
    </package>
    <package name="src.tests.factories">
      <metrics statements="2" coveredstatements="2" conditionals="2" coveredconditionals="2" methods="1" coveredmethods="1"/>
      <file name="make-course.ts" path="C:\Users\pedro\Desktop\Cursos\Rocketseat\nodejs\src\tests\factories\make-course.ts">
        <metrics statements="2" coveredstatements="2" conditionals="2" coveredconditionals="2" methods="1" coveredmethods="1"/>
        <line num="6" count="2" type="stmt"/>
        <line num="10" count="2" type="stmt"/>
      </file>
    </package>
  </project>
</coverage>
