{"C:\\Users\\pedro\\Desktop\\Cursos\\Rocketseat\\nodejs\\src\\app.ts": {"path":"C:\\Users\\pedro\\Desktop\\Cursos\\Rocketseat\\nodejs\\src\\app.ts","statementMap":{"0":{"start":{"line":9,"column":6},"end":{"line":19,"column":null}},"1":{"start":{"line":21,"column":0},"end":{"line":38,"column":null}},"2":{"start":{"line":22,"column":4},"end":{"line":30,"column":null}},"3":{"start":{"line":32,"column":0},"end":{"line":37,"column":null}},"4":{"start":{"line":40,"column":0},"end":{"line":40,"column":null}},"5":{"start":{"line":41,"column":0},"end":{"line":41,"column":null}},"6":{"start":{"line":43,"column":0},"end":{"line":43,"column":null}},"7":{"start":{"line":44,"column":0},"end":{"line":44,"column":null}},"8":{"start":{"line":45,"column":0},"end":{"line":45,"column":null}}},"fnMap":{},"branchMap":{"0":{"loc":{"start":{"line":21,"column":0},"end":{"line":38,"column":null}},"type":"if","locations":[{"start":{"line":21,"column":0},"end":{"line":38,"column":null}},{"start":{},"end":{}}],"line":21}},"s":{"0":3,"1":3,"2":0,"3":0,"4":3,"5":3,"6":3,"7":3,"8":3},"f":{},"b":{"0":[0,3]},"meta":{"lastBranch":1,"lastFunction":0,"lastStatement":9,"seen":{"s:9:6:19:Infinity":0,"b:21:0:38:Infinity:undefined:undefined:undefined:undefined":0,"s:21:0:38:Infinity":1,"s:22:4:30:Infinity":2,"s:32:0:37:Infinity":3,"s:40:0:40:Infinity":4,"s:41:0:41:Infinity":5,"s:43:0:43:Infinity":6,"s:44:0:44:Infinity":7,"s:45:0:45:Infinity":8}}}
,"C:\\Users\\pedro\\Desktop\\Cursos\\Rocketseat\\nodejs\\src\\server.ts": {"path":"C:\\Users\\pedro\\Desktop\\Cursos\\Rocketseat\\nodejs\\src\\server.ts","statementMap":{"0":{"start":{"line":3,"column":0},"end":{"line":5,"column":null}},"1":{"start":{"line":4,"column":4},"end":{"line":4,"column":null}}},"fnMap":{"0":{"name":"(anonymous_0)","decl":{"start":{"line":3,"column":35},"end":{"line":3,"column":41}},"loc":{"start":{"line":3,"column":41},"end":{"line":5,"column":1}},"line":3}},"branchMap":{},"s":{"0":0,"1":0},"f":{"0":0},"b":{},"meta":{"lastBranch":0,"lastFunction":1,"lastStatement":2,"seen":{"s:3:0:5:Infinity":0,"f:3:35:3:41":0,"s:4:4:4:Infinity":1}}}
,"C:\\Users\\pedro\\Desktop\\Cursos\\Rocketseat\\nodejs\\src\\database\\client.ts": {"path":"C:\\Users\\pedro\\Desktop\\Cursos\\Rocketseat\\nodejs\\src\\database\\client.ts","statementMap":{"0":{"start":{"line":4,"column":13},"end":{"line":6,"column":null}}},"fnMap":{},"branchMap":{},"s":{"0":3},"f":{},"b":{},"meta":{"lastBranch":0,"lastFunction":0,"lastStatement":1,"seen":{"s:4:13:6:Infinity":0}}}
,"C:\\Users\\pedro\\Desktop\\Cursos\\Rocketseat\\nodejs\\src\\database\\schema.ts": {"path":"C:\\Users\\pedro\\Desktop\\Cursos\\Rocketseat\\nodejs\\src\\database\\schema.ts","statementMap":{"0":{"start":{"line":4,"column":13},"end":{"line":8,"column":null}},"1":{"start":{"line":10,"column":13},"end":{"line":14,"column":null}},"2":{"start":{"line":16,"column":13},"end":{"line":23,"column":null}},"3":{"start":{"line":18,"column":46},"end":{"line":18,"column":54}},"4":{"start":{"line":19,"column":48},"end":{"line":19,"column":58}},"5":{"start":{"line":21,"column":12},"end":{"line":23,"column":1}}},"fnMap":{"0":{"name":"(anonymous_0)","decl":{"start":{"line":18,"column":40},"end":{"line":18,"column":46}},"loc":{"start":{"line":18,"column":46},"end":{"line":18,"column":54}},"line":18},"1":{"name":"(anonymous_1)","decl":{"start":{"line":19,"column":42},"end":{"line":19,"column":48}},"loc":{"start":{"line":19,"column":48},"end":{"line":19,"column":58}},"line":19},"2":{"name":"(anonymous_2)","decl":{"start":{"line":21,"column":3},"end":{"line":21,"column":12}},"loc":{"start":{"line":21,"column":12},"end":{"line":23,"column":1}},"line":21}},"branchMap":{},"s":{"0":3,"1":3,"2":3,"3":0,"4":0,"5":0},"f":{"0":0,"1":0,"2":0},"b":{},"meta":{"lastBranch":0,"lastFunction":3,"lastStatement":6,"seen":{"s:4:13:8:Infinity":0,"s:10:13:14:Infinity":1,"s:16:13:23:Infinity":2,"f:18:40:18:46":0,"s:18:46:18:54":3,"f:19:42:19:48":1,"s:19:48:19:58":4,"f:21:3:21:12":2,"s:21:12:23:1":5}}}
,"C:\\Users\\pedro\\Desktop\\Cursos\\Rocketseat\\nodejs\\src\\database\\seed.ts": {"path":"C:\\Users\\pedro\\Desktop\\Cursos\\Rocketseat\\nodejs\\src\\database\\seed.ts","statementMap":{"0":{"start":{"line":6,"column":24},"end":{"line":11,"column":null}},"1":{"start":{"line":13,"column":26},"end":{"line":17,"column":null}},"2":{"start":{"line":19,"column":4},"end":{"line":24,"column":null}},"3":{"start":{"line":27,"column":0},"end":{"line":27,"column":null}}},"fnMap":{"0":{"name":"seed","decl":{"start":{"line":5,"column":15},"end":{"line":5,"column":22}},"loc":{"start":{"line":5,"column":22},"end":{"line":25,"column":null}},"line":5}},"branchMap":{},"s":{"0":0,"1":0,"2":0,"3":0},"f":{"0":0},"b":{},"meta":{"lastBranch":0,"lastFunction":1,"lastStatement":4,"seen":{"f:5:15:5:22":0,"s:6:24:11:Infinity":0,"s:13:26:17:Infinity":1,"s:19:4:24:Infinity":2,"s:27:0:27:Infinity":3}}}
,"C:\\Users\\pedro\\Desktop\\Cursos\\Rocketseat\\nodejs\\src\\routes\\create-course.ts": {"path":"C:\\Users\\pedro\\Desktop\\Cursos\\Rocketseat\\nodejs\\src\\routes\\create-course.ts","statementMap":{"0":{"start":{"line":6,"column":69},"end":{"line":28,"column":null}},"1":{"start":{"line":7,"column":4},"end":{"line":27,"column":null}},"2":{"start":{"line":19,"column":24},"end":{"line":19,"column":null}},"3":{"start":{"line":21,"column":19},"end":{"line":24,"column":null}},"4":{"start":{"line":26,"column":4},"end":{"line":26,"column":null}}},"fnMap":{"0":{"name":"(anonymous_0)","decl":{"start":{"line":6,"column":69},"end":{"line":6,"column":76}},"loc":{"start":{"line":6,"column":87},"end":{"line":28,"column":null}},"line":6},"1":{"name":"(anonymous_1)","decl":{"start":{"line":18,"column":3},"end":{"line":18,"column":10}},"loc":{"start":{"line":18,"column":29},"end":{"line":27,"column":1}},"line":18}},"branchMap":{},"s":{"0":3,"1":3,"2":1,"3":1,"4":1},"f":{"0":3,"1":1},"b":{},"meta":{"lastBranch":0,"lastFunction":2,"lastStatement":5,"seen":{"s:6:69:28:Infinity":0,"f:6:69:6:76":0,"s:7:4:27:Infinity":1,"f:18:3:18:10":1,"s:19:24:19:Infinity":2,"s:21:19:24:Infinity":3,"s:26:4:26:Infinity":4}}}
,"C:\\Users\\pedro\\Desktop\\Cursos\\Rocketseat\\nodejs\\src\\routes\\get-course-by-id.ts": {"path":"C:\\Users\\pedro\\Desktop\\Cursos\\Rocketseat\\nodejs\\src\\routes\\get-course-by-id.ts","statementMap":{"0":{"start":{"line":7,"column":70},"end":{"line":41,"column":null}},"1":{"start":{"line":8,"column":4},"end":{"line":40,"column":null}},"2":{"start":{"line":27,"column":21},"end":{"line":27,"column":null}},"3":{"start":{"line":29,"column":19},"end":{"line":32,"column":null}},"4":{"start":{"line":34,"column":4},"end":{"line":36,"column":null}},"5":{"start":{"line":35,"column":8},"end":{"line":35,"column":null}},"6":{"start":{"line":38,"column":4},"end":{"line":38,"column":null}}},"fnMap":{"0":{"name":"(anonymous_0)","decl":{"start":{"line":7,"column":70},"end":{"line":7,"column":77}},"loc":{"start":{"line":7,"column":88},"end":{"line":41,"column":null}},"line":7},"1":{"name":"(anonymous_1)","decl":{"start":{"line":26,"column":3},"end":{"line":26,"column":10}},"loc":{"start":{"line":26,"column":29},"end":{"line":40,"column":1}},"line":26}},"branchMap":{"0":{"loc":{"start":{"line":34,"column":4},"end":{"line":36,"column":null}},"type":"if","locations":[{"start":{"line":34,"column":4},"end":{"line":36,"column":null}},{"start":{},"end":{}}],"line":34}},"s":{"0":3,"1":3,"2":2,"3":2,"4":2,"5":1,"6":1},"f":{"0":3,"1":2},"b":{"0":[1,1]},"meta":{"lastBranch":1,"lastFunction":2,"lastStatement":7,"seen":{"s:7:70:41:Infinity":0,"f:7:70:7:77":0,"s:8:4:40:Infinity":1,"f:26:3:26:10":1,"s:27:21:27:Infinity":2,"s:29:19:32:Infinity":3,"b:34:4:36:Infinity:undefined:undefined:undefined:undefined":0,"s:34:4:36:Infinity":4,"s:35:8:35:Infinity":5,"s:38:4:38:Infinity":6}}}
,"C:\\Users\\pedro\\Desktop\\Cursos\\Rocketseat\\nodejs\\src\\routes\\get-courses.ts": {"path":"C:\\Users\\pedro\\Desktop\\Cursos\\Rocketseat\\nodejs\\src\\routes\\get-courses.ts","statementMap":{"0":{"start":{"line":7,"column":67},"end":{"line":58,"column":null}},"1":{"start":{"line":8,"column":4},"end":{"line":57,"column":null}},"2":{"start":{"line":31,"column":42},"end":{"line":31,"column":null}},"3":{"start":{"line":33,"column":34},"end":{"line":33,"column":null}},"4":{"start":{"line":35,"column":8},"end":{"line":37,"column":null}},"5":{"start":{"line":36,"column":12},"end":{"line":36,"column":null}},"6":{"start":{"line":39,"column":32},"end":{"line":54,"column":null}},"7":{"start":{"line":56,"column":8},"end":{"line":56,"column":null}}},"fnMap":{"0":{"name":"(anonymous_0)","decl":{"start":{"line":7,"column":67},"end":{"line":7,"column":74}},"loc":{"start":{"line":7,"column":85},"end":{"line":58,"column":null}},"line":7},"1":{"name":"(anonymous_1)","decl":{"start":{"line":30,"column":7},"end":{"line":30,"column":14}},"loc":{"start":{"line":30,"column":33},"end":{"line":57,"column":5}},"line":30}},"branchMap":{"0":{"loc":{"start":{"line":35,"column":8},"end":{"line":37,"column":null}},"type":"if","locations":[{"start":{"line":35,"column":8},"end":{"line":37,"column":null}},{"start":{},"end":{}}],"line":35}},"s":{"0":3,"1":3,"2":1,"3":1,"4":1,"5":1,"6":1,"7":1},"f":{"0":3,"1":1},"b":{"0":[1,0]},"meta":{"lastBranch":1,"lastFunction":2,"lastStatement":8,"seen":{"s:7:67:58:Infinity":0,"f:7:67:7:74":0,"s:8:4:57:Infinity":1,"f:30:7:30:14":1,"s:31:42:31:Infinity":2,"s:33:34:33:Infinity":3,"b:35:8:37:Infinity:undefined:undefined:undefined:undefined":0,"s:35:8:37:Infinity":4,"s:36:12:36:Infinity":5,"s:39:32:54:Infinity":6,"s:56:8:56:Infinity":7}}}
,"C:\\Users\\pedro\\Desktop\\Cursos\\Rocketseat\\nodejs\\src\\tests\\factories\\make-course.ts": {"path":"C:\\Users\\pedro\\Desktop\\Cursos\\Rocketseat\\nodejs\\src\\tests\\factories\\make-course.ts","statementMap":{"0":{"start":{"line":6,"column":19},"end":{"line":8,"column":null}},"1":{"start":{"line":10,"column":4},"end":{"line":10,"column":null}}},"fnMap":{"0":{"name":"makeCourse","decl":{"start":{"line":5,"column":22},"end":{"line":5,"column":33}},"loc":{"start":{"line":5,"column":49},"end":{"line":11,"column":null}},"line":5}},"branchMap":{"0":{"loc":{"start":{"line":7,"column":15},"end":{"line":7,"column":null}},"type":"binary-expr","locations":[{"start":{"line":7,"column":15},"end":{"line":7,"column":24}},{"start":{"line":7,"column":24},"end":{"line":7,"column":null}}],"line":7}},"s":{"0":2,"1":2},"f":{"0":2},"b":{"0":[2,1]},"meta":{"lastBranch":1,"lastFunction":1,"lastStatement":2,"seen":{"f:5:22:5:33":0,"s:6:19:8:Infinity":0,"b:7:15:7:24:7:24:7:Infinity":0,"s:10:4:10:Infinity":1}}}
}
