{"C:\\Users\\pedro\\Desktop\\Cursos\\Rocketseat\\nodejs\\src\\app.ts": {"path":"C:\\Users\\pedro\\Desktop\\Cursos\\Rocketseat\\nodejs\\src\\app.ts","statementMap":{"0":{"start":{"line":10,"column":6},"end":{"line":20,"column":null}},"1":{"start":{"line":22,"column":0},"end":{"line":39,"column":null}},"2":{"start":{"line":23,"column":4},"end":{"line":31,"column":null}},"3":{"start":{"line":33,"column":0},"end":{"line":38,"column":null}},"4":{"start":{"line":41,"column":0},"end":{"line":41,"column":null}},"5":{"start":{"line":42,"column":0},"end":{"line":42,"column":null}},"6":{"start":{"line":44,"column":0},"end":{"line":44,"column":null}},"7":{"start":{"line":45,"column":0},"end":{"line":45,"column":null}},"8":{"start":{"line":46,"column":0},"end":{"line":46,"column":null}},"9":{"start":{"line":47,"column":0},"end":{"line":47,"column":null}}},"fnMap":{},"branchMap":{"0":{"loc":{"start":{"line":22,"column":0},"end":{"line":39,"column":null}},"type":"if","locations":[{"start":{"line":22,"column":0},"end":{"line":39,"column":null}},{"start":{},"end":{}}],"line":22}},"s":{"0":4,"1":4,"2":0,"3":0,"4":4,"5":4,"6":4,"7":4,"8":4,"9":4},"f":{},"b":{"0":[0,4]},"meta":{"lastBranch":1,"lastFunction":0,"lastStatement":10,"seen":{"s:10:6:20:Infinity":0,"b:22:0:39:Infinity:undefined:undefined:undefined:undefined":0,"s:22:0:39:Infinity":1,"s:23:4:31:Infinity":2,"s:33:0:38:Infinity":3,"s:41:0:41:Infinity":4,"s:42:0:42:Infinity":5,"s:44:0:44:Infinity":6,"s:45:0:45:Infinity":7,"s:46:0:46:Infinity":8,"s:47:0:47:Infinity":9}}}
,"C:\\Users\\pedro\\Desktop\\Cursos\\Rocketseat\\nodejs\\src\\server.ts": {"path":"C:\\Users\\pedro\\Desktop\\Cursos\\Rocketseat\\nodejs\\src\\server.ts","statementMap":{"0":{"start":{"line":3,"column":0},"end":{"line":5,"column":null}},"1":{"start":{"line":4,"column":4},"end":{"line":4,"column":null}}},"fnMap":{"0":{"name":"(anonymous_0)","decl":{"start":{"line":3,"column":35},"end":{"line":3,"column":41}},"loc":{"start":{"line":3,"column":41},"end":{"line":5,"column":1}},"line":3}},"branchMap":{},"s":{"0":0,"1":0},"f":{"0":0},"b":{},"meta":{"lastBranch":0,"lastFunction":1,"lastStatement":2,"seen":{"s:3:0:5:Infinity":0,"f:3:35:3:41":0,"s:4:4:4:Infinity":1}}}
,"C:\\Users\\pedro\\Desktop\\Cursos\\Rocketseat\\nodejs\\src\\@types\\fastify.d.ts": {"path":"C:\\Users\\pedro\\Desktop\\Cursos\\Rocketseat\\nodejs\\src\\@types\\fastify.d.ts","statementMap":{},"fnMap":{},"branchMap":{},"s":{},"f":{},"b":{},"meta":{"lastBranch":0,"lastFunction":0,"lastStatement":0,"seen":{}}}
,"C:\\Users\\pedro\\Desktop\\Cursos\\Rocketseat\\nodejs\\src\\database\\client.ts": {"path":"C:\\Users\\pedro\\Desktop\\Cursos\\Rocketseat\\nodejs\\src\\database\\client.ts","statementMap":{"0":{"start":{"line":4,"column":13},"end":{"line":6,"column":null}}},"fnMap":{},"branchMap":{},"s":{"0":4},"f":{},"b":{},"meta":{"lastBranch":0,"lastFunction":0,"lastStatement":1,"seen":{"s:4:13:6:Infinity":0}}}
,"C:\\Users\\pedro\\Desktop\\Cursos\\Rocketseat\\nodejs\\src\\database\\schema.ts": {"path":"C:\\Users\\pedro\\Desktop\\Cursos\\Rocketseat\\nodejs\\src\\database\\schema.ts","statementMap":{"0":{"start":{"line":4,"column":13},"end":{"line":7,"column":null}},"1":{"start":{"line":9,"column":13},"end":{"line":15,"column":null}},"2":{"start":{"line":17,"column":13},"end":{"line":21,"column":null}},"3":{"start":{"line":23,"column":13},"end":{"line":30,"column":null}},"4":{"start":{"line":25,"column":46},"end":{"line":25,"column":54}},"5":{"start":{"line":26,"column":48},"end":{"line":26,"column":58}},"6":{"start":{"line":28,"column":12},"end":{"line":30,"column":1}}},"fnMap":{"0":{"name":"(anonymous_0)","decl":{"start":{"line":25,"column":40},"end":{"line":25,"column":46}},"loc":{"start":{"line":25,"column":46},"end":{"line":25,"column":54}},"line":25},"1":{"name":"(anonymous_1)","decl":{"start":{"line":26,"column":42},"end":{"line":26,"column":48}},"loc":{"start":{"line":26,"column":48},"end":{"line":26,"column":58}},"line":26},"2":{"name":"(anonymous_2)","decl":{"start":{"line":28,"column":3},"end":{"line":28,"column":12}},"loc":{"start":{"line":28,"column":12},"end":{"line":30,"column":1}},"line":28}},"branchMap":{},"s":{"0":4,"1":4,"2":4,"3":4,"4":0,"5":0,"6":0},"f":{"0":0,"1":0,"2":0},"b":{},"meta":{"lastBranch":0,"lastFunction":3,"lastStatement":7,"seen":{"s:4:13:7:Infinity":0,"s:9:13:15:Infinity":1,"s:17:13:21:Infinity":2,"s:23:13:30:Infinity":3,"f:25:40:25:46":0,"s:25:46:25:54":4,"f:26:42:26:48":1,"s:26:48:26:58":5,"f:28:3:28:12":2,"s:28:12:30:1":6}}}
,"C:\\Users\\pedro\\Desktop\\Cursos\\Rocketseat\\nodejs\\src\\database\\seed.ts": {"path":"C:\\Users\\pedro\\Desktop\\Cursos\\Rocketseat\\nodejs\\src\\database\\seed.ts","statementMap":{"0":{"start":{"line":7,"column":25},"end":{"line":7,"column":null}},"1":{"start":{"line":9,"column":24},"end":{"line":30,"column":null}},"2":{"start":{"line":32,"column":26},"end":{"line":36,"column":null}},"3":{"start":{"line":38,"column":4},"end":{"line":43,"column":null}},"4":{"start":{"line":46,"column":0},"end":{"line":46,"column":null}}},"fnMap":{"0":{"name":"seed","decl":{"start":{"line":6,"column":15},"end":{"line":6,"column":22}},"loc":{"start":{"line":6,"column":22},"end":{"line":44,"column":null}},"line":6}},"branchMap":{},"s":{"0":0,"1":0,"2":0,"3":0,"4":0},"f":{"0":0},"b":{},"meta":{"lastBranch":0,"lastFunction":1,"lastStatement":5,"seen":{"f:6:15:6:22":0,"s:7:25:7:Infinity":0,"s:9:24:30:Infinity":1,"s:32:26:36:Infinity":2,"s:38:4:43:Infinity":3,"s:46:0:46:Infinity":4}}}
,"C:\\Users\\pedro\\Desktop\\Cursos\\Rocketseat\\nodejs\\src\\routes\\create-course.ts": {"path":"C:\\Users\\pedro\\Desktop\\Cursos\\Rocketseat\\nodejs\\src\\routes\\create-course.ts","statementMap":{"0":{"start":{"line":8,"column":69},"end":{"line":34,"column":null}},"1":{"start":{"line":9,"column":4},"end":{"line":33,"column":null}},"2":{"start":{"line":25,"column":24},"end":{"line":25,"column":null}},"3":{"start":{"line":27,"column":19},"end":{"line":30,"column":null}},"4":{"start":{"line":32,"column":4},"end":{"line":32,"column":null}}},"fnMap":{"0":{"name":"(anonymous_0)","decl":{"start":{"line":8,"column":69},"end":{"line":8,"column":76}},"loc":{"start":{"line":8,"column":87},"end":{"line":34,"column":null}},"line":8},"1":{"name":"(anonymous_1)","decl":{"start":{"line":24,"column":3},"end":{"line":24,"column":10}},"loc":{"start":{"line":24,"column":29},"end":{"line":33,"column":1}},"line":24}},"branchMap":{},"s":{"0":4,"1":4,"2":1,"3":1,"4":1},"f":{"0":4,"1":1},"b":{},"meta":{"lastBranch":0,"lastFunction":2,"lastStatement":5,"seen":{"s:8:69:34:Infinity":0,"f:8:69:8:76":0,"s:9:4:33:Infinity":1,"f:24:3:24:10":1,"s:25:24:25:Infinity":2,"s:27:19:30:Infinity":3,"s:32:4:32:Infinity":4}}}
,"C:\\Users\\pedro\\Desktop\\Cursos\\Rocketseat\\nodejs\\src\\routes\\get-course-by-id.ts": {"path":"C:\\Users\\pedro\\Desktop\\Cursos\\Rocketseat\\nodejs\\src\\routes\\get-course-by-id.ts","statementMap":{"0":{"start":{"line":9,"column":70},"end":{"line":48,"column":null}},"1":{"start":{"line":10,"column":4},"end":{"line":47,"column":null}},"2":{"start":{"line":32,"column":10},"end":{"line":32,"column":null}},"3":{"start":{"line":34,"column":21},"end":{"line":34,"column":null}},"4":{"start":{"line":36,"column":19},"end":{"line":39,"column":null}},"5":{"start":{"line":41,"column":4},"end":{"line":43,"column":null}},"6":{"start":{"line":42,"column":8},"end":{"line":42,"column":null}},"7":{"start":{"line":45,"column":4},"end":{"line":45,"column":null}}},"fnMap":{"0":{"name":"(anonymous_0)","decl":{"start":{"line":9,"column":70},"end":{"line":9,"column":77}},"loc":{"start":{"line":9,"column":88},"end":{"line":48,"column":null}},"line":9},"1":{"name":"(anonymous_1)","decl":{"start":{"line":31,"column":3},"end":{"line":31,"column":10}},"loc":{"start":{"line":31,"column":29},"end":{"line":47,"column":1}},"line":31}},"branchMap":{"0":{"loc":{"start":{"line":41,"column":4},"end":{"line":43,"column":null}},"type":"if","locations":[{"start":{"line":41,"column":4},"end":{"line":43,"column":null}},{"start":{},"end":{}}],"line":41}},"s":{"0":4,"1":4,"2":2,"3":2,"4":2,"5":2,"6":1,"7":1},"f":{"0":4,"1":2},"b":{"0":[1,1]},"meta":{"lastBranch":1,"lastFunction":2,"lastStatement":8,"seen":{"s:9:70:48:Infinity":0,"f:9:70:9:77":0,"s:10:4:47:Infinity":1,"f:31:3:31:10":1,"s:32:10:32:Infinity":2,"s:34:21:34:Infinity":3,"s:36:19:39:Infinity":4,"b:41:4:43:Infinity:undefined:undefined:undefined:undefined":0,"s:41:4:43:Infinity":5,"s:42:8:42:Infinity":6,"s:45:4:45:Infinity":7}}}
,"C:\\Users\\pedro\\Desktop\\Cursos\\Rocketseat\\nodejs\\src\\routes\\get-courses.ts": {"path":"C:\\Users\\pedro\\Desktop\\Cursos\\Rocketseat\\nodejs\\src\\routes\\get-courses.ts","statementMap":{"0":{"start":{"line":9,"column":67},"end":{"line":64,"column":null}},"1":{"start":{"line":10,"column":4},"end":{"line":63,"column":null}},"2":{"start":{"line":37,"column":42},"end":{"line":37,"column":null}},"3":{"start":{"line":39,"column":34},"end":{"line":39,"column":null}},"4":{"start":{"line":41,"column":8},"end":{"line":43,"column":null}},"5":{"start":{"line":42,"column":12},"end":{"line":42,"column":null}},"6":{"start":{"line":45,"column":32},"end":{"line":60,"column":null}},"7":{"start":{"line":62,"column":8},"end":{"line":62,"column":null}}},"fnMap":{"0":{"name":"(anonymous_0)","decl":{"start":{"line":9,"column":67},"end":{"line":9,"column":74}},"loc":{"start":{"line":9,"column":85},"end":{"line":64,"column":null}},"line":9},"1":{"name":"(anonymous_1)","decl":{"start":{"line":36,"column":7},"end":{"line":36,"column":14}},"loc":{"start":{"line":36,"column":33},"end":{"line":63,"column":5}},"line":36}},"branchMap":{"0":{"loc":{"start":{"line":41,"column":8},"end":{"line":43,"column":null}},"type":"if","locations":[{"start":{"line":41,"column":8},"end":{"line":43,"column":null}},{"start":{},"end":{}}],"line":41}},"s":{"0":4,"1":4,"2":1,"3":1,"4":1,"5":1,"6":1,"7":1},"f":{"0":4,"1":1},"b":{"0":[1,0]},"meta":{"lastBranch":1,"lastFunction":2,"lastStatement":8,"seen":{"s:9:67:64:Infinity":0,"f:9:67:9:74":0,"s:10:4:63:Infinity":1,"f:36:7:36:14":1,"s:37:42:37:Infinity":2,"s:39:34:39:Infinity":3,"b:41:8:43:Infinity:undefined:undefined:undefined:undefined":0,"s:41:8:43:Infinity":4,"s:42:12:42:Infinity":5,"s:45:32:60:Infinity":6,"s:62:8:62:Infinity":7}}}
,"C:\\Users\\pedro\\Desktop\\Cursos\\Rocketseat\\nodejs\\src\\routes\\login.ts": {"path":"C:\\Users\\pedro\\Desktop\\Cursos\\Rocketseat\\nodejs\\src\\routes\\login.ts","statementMap":{"0":{"start":{"line":12,"column":62},"end":{"line":54,"column":null}},"1":{"start":{"line":13,"column":4},"end":{"line":53,"column":null}},"2":{"start":{"line":27,"column":32},"end":{"line":27,"column":null}},"3":{"start":{"line":29,"column":19},"end":{"line":32,"column":null}},"4":{"start":{"line":34,"column":4},"end":{"line":36,"column":null}},"5":{"start":{"line":35,"column":8},"end":{"line":35,"column":null}},"6":{"start":{"line":38,"column":17},"end":{"line":38,"column":null}},"7":{"start":{"line":40,"column":30},"end":{"line":40,"column":null}},"8":{"start":{"line":42,"column":4},"end":{"line":44,"column":null}},"9":{"start":{"line":43,"column":8},"end":{"line":43,"column":null}},"10":{"start":{"line":46,"column":4},"end":{"line":48,"column":null}},"11":{"start":{"line":47,"column":4},"end":{"line":47,"column":null}},"12":{"start":{"line":50,"column":18},"end":{"line":50,"column":null}},"13":{"start":{"line":52,"column":4},"end":{"line":52,"column":null}}},"fnMap":{"0":{"name":"(anonymous_0)","decl":{"start":{"line":12,"column":62},"end":{"line":12,"column":69}},"loc":{"start":{"line":12,"column":80},"end":{"line":54,"column":null}},"line":12},"1":{"name":"(anonymous_1)","decl":{"start":{"line":26,"column":3},"end":{"line":26,"column":10}},"loc":{"start":{"line":26,"column":29},"end":{"line":53,"column":1}},"line":26}},"branchMap":{"0":{"loc":{"start":{"line":34,"column":4},"end":{"line":36,"column":null}},"type":"if","locations":[{"start":{"line":34,"column":4},"end":{"line":36,"column":null}},{"start":{},"end":{}}],"line":34},"1":{"loc":{"start":{"line":42,"column":4},"end":{"line":44,"column":null}},"type":"if","locations":[{"start":{"line":42,"column":4},"end":{"line":44,"column":null}},{"start":{},"end":{}}],"line":42},"2":{"loc":{"start":{"line":46,"column":4},"end":{"line":48,"column":null}},"type":"if","locations":[{"start":{"line":46,"column":4},"end":{"line":48,"column":null}},{"start":{},"end":{}}],"line":46}},"s":{"0":4,"1":4,"2":1,"3":1,"4":1,"5":0,"6":1,"7":1,"8":1,"9":0,"10":1,"11":0,"12":1,"13":1},"f":{"0":4,"1":1},"b":{"0":[0,1],"1":[0,1],"2":[0,1]},"meta":{"lastBranch":3,"lastFunction":2,"lastStatement":14,"seen":{"s:12:62:54:Infinity":0,"f:12:62:12:69":0,"s:13:4:53:Infinity":1,"f:26:3:26:10":1,"s:27:32:27:Infinity":2,"s:29:19:32:Infinity":3,"b:34:4:36:Infinity:undefined:undefined:undefined:undefined":0,"s:34:4:36:Infinity":4,"s:35:8:35:Infinity":5,"s:38:17:38:Infinity":6,"s:40:30:40:Infinity":7,"b:42:4:44:Infinity:undefined:undefined:undefined:undefined":1,"s:42:4:44:Infinity":8,"s:43:8:43:Infinity":9,"b:46:4:48:Infinity:undefined:undefined:undefined:undefined":2,"s:46:4:48:Infinity":10,"s:47:4:47:Infinity":11,"s:50:18:50:Infinity":12,"s:52:4:52:Infinity":13}}}
,"C:\\Users\\pedro\\Desktop\\Cursos\\Rocketseat\\nodejs\\src\\routes\\hooks\\check-request-jwt.ts": {"path":"C:\\Users\\pedro\\Desktop\\Cursos\\Rocketseat\\nodejs\\src\\routes\\hooks\\check-request-jwt.ts","statementMap":{"0":{"start":{"line":11,"column":18},"end":{"line":11,"column":null}},"1":{"start":{"line":13,"column":4},"end":{"line":15,"column":null}},"2":{"start":{"line":14,"column":8},"end":{"line":14,"column":null}},"3":{"start":{"line":17,"column":4},"end":{"line":19,"column":null}},"4":{"start":{"line":18,"column":4},"end":{"line":18,"column":null}},"5":{"start":{"line":21,"column":4},"end":{"line":27,"column":null}},"6":{"start":{"line":22,"column":24},"end":{"line":22,"column":null}},"7":{"start":{"line":24,"column":8},"end":{"line":24,"column":null}},"8":{"start":{"line":26,"column":8},"end":{"line":26,"column":null}}},"fnMap":{"0":{"name":"checkRequestJWT","decl":{"start":{"line":10,"column":22},"end":{"line":10,"column":38}},"loc":{"start":{"line":10,"column":84},"end":{"line":29,"column":null}},"line":10}},"branchMap":{"0":{"loc":{"start":{"line":13,"column":4},"end":{"line":15,"column":null}},"type":"if","locations":[{"start":{"line":13,"column":4},"end":{"line":15,"column":null}},{"start":{},"end":{}}],"line":13},"1":{"loc":{"start":{"line":17,"column":4},"end":{"line":19,"column":null}},"type":"if","locations":[{"start":{"line":17,"column":4},"end":{"line":19,"column":null}},{"start":{},"end":{}}],"line":17}},"s":{"0":3,"1":3,"2":0,"3":3,"4":0,"5":3,"6":3,"7":3,"8":0},"f":{"0":3},"b":{"0":[0,3],"1":[0,3]},"meta":{"lastBranch":2,"lastFunction":1,"lastStatement":9,"seen":{"f:10:22:10:38":0,"s:11:18:11:Infinity":0,"b:13:4:15:Infinity:undefined:undefined:undefined:undefined":0,"s:13:4:15:Infinity":1,"s:14:8:14:Infinity":2,"b:17:4:19:Infinity:undefined:undefined:undefined:undefined":1,"s:17:4:19:Infinity":3,"s:18:4:18:Infinity":4,"s:21:4:27:Infinity":5,"s:22:24:22:Infinity":6,"s:24:8:24:Infinity":7,"s:26:8:26:Infinity":8}}}
,"C:\\Users\\pedro\\Desktop\\Cursos\\Rocketseat\\nodejs\\src\\routes\\hooks\\check-user-role.ts": {"path":"C:\\Users\\pedro\\Desktop\\Cursos\\Rocketseat\\nodejs\\src\\routes\\hooks\\check-user-role.ts","statementMap":{"0":{"start":{"line":5,"column":4},"end":{"line":11,"column":null}},"1":{"start":{"line":6,"column":10},"end":{"line":6,"column":null}},"2":{"start":{"line":8,"column":4},"end":{"line":10,"column":null}},"3":{"start":{"line":9,"column":8},"end":{"line":9,"column":null}}},"fnMap":{"0":{"name":"checkUserRole","decl":{"start":{"line":4,"column":16},"end":{"line":4,"column":30}},"loc":{"start":{"line":4,"column":59},"end":{"line":12,"column":null}},"line":4},"1":{"name":"(anonymous_1)","decl":{"start":{"line":5,"column":11},"end":{"line":5,"column":27}},"loc":{"start":{"line":5,"column":73},"end":{"line":11,"column":null}},"line":5}},"branchMap":{"0":{"loc":{"start":{"line":8,"column":4},"end":{"line":10,"column":null}},"type":"if","locations":[{"start":{"line":8,"column":4},"end":{"line":10,"column":null}},{"start":{},"end":{}}],"line":8}},"s":{"0":8,"1":1,"2":1,"3":0},"f":{"0":8,"1":1},"b":{"0":[0,1]},"meta":{"lastBranch":1,"lastFunction":2,"lastStatement":4,"seen":{"f:4:16:4:30":0,"s:5:4:11:Infinity":0,"f:5:11:5:27":1,"s:6:10:6:Infinity":1,"b:8:4:10:Infinity:undefined:undefined:undefined:undefined":0,"s:8:4:10:Infinity":2,"s:9:8:9:Infinity":3}}}
,"C:\\Users\\pedro\\Desktop\\Cursos\\Rocketseat\\nodejs\\src\\tests\\factories\\make-course.ts": {"path":"C:\\Users\\pedro\\Desktop\\Cursos\\Rocketseat\\nodejs\\src\\tests\\factories\\make-course.ts","statementMap":{"0":{"start":{"line":6,"column":19},"end":{"line":8,"column":null}},"1":{"start":{"line":10,"column":4},"end":{"line":10,"column":null}}},"fnMap":{"0":{"name":"makeCourse","decl":{"start":{"line":5,"column":22},"end":{"line":5,"column":33}},"loc":{"start":{"line":5,"column":49},"end":{"line":11,"column":null}},"line":5}},"branchMap":{"0":{"loc":{"start":{"line":7,"column":15},"end":{"line":7,"column":null}},"type":"binary-expr","locations":[{"start":{"line":7,"column":15},"end":{"line":7,"column":24}},{"start":{"line":7,"column":24},"end":{"line":7,"column":null}}],"line":7}},"s":{"0":2,"1":2},"f":{"0":2},"b":{"0":[2,1]},"meta":{"lastBranch":1,"lastFunction":1,"lastStatement":2,"seen":{"f:5:22:5:33":0,"s:6:19:8:Infinity":0,"b:7:15:7:24:7:24:7:Infinity":0,"s:10:4:10:Infinity":1}}}
,"C:\\Users\\pedro\\Desktop\\Cursos\\Rocketseat\\nodejs\\src\\tests\\factories\\make-user.ts": {"path":"C:\\Users\\pedro\\Desktop\\Cursos\\Rocketseat\\nodejs\\src\\tests\\factories\\make-user.ts","statementMap":{"0":{"start":{"line":10,"column":10},"end":{"line":10,"column":null}},"1":{"start":{"line":12,"column":19},"end":{"line":17,"column":null}},"2":{"start":{"line":19,"column":4},"end":{"line":22,"column":null}},"3":{"start":{"line":26,"column":21},"end":{"line":26,"column":null}},"4":{"start":{"line":28,"column":4},"end":{"line":30,"column":null}},"5":{"start":{"line":29,"column":8},"end":{"line":29,"column":null}},"6":{"start":{"line":32,"column":18},"end":{"line":32,"column":null}},"7":{"start":{"line":34,"column":4},"end":{"line":34,"column":null}}},"fnMap":{"0":{"name":"makeUser","decl":{"start":{"line":9,"column":22},"end":{"line":9,"column":31}},"loc":{"start":{"line":9,"column":61},"end":{"line":23,"column":null}},"line":9},"1":{"name":"makeAuthenticatedUser","decl":{"start":{"line":25,"column":22},"end":{"line":25,"column":44}},"loc":{"start":{"line":25,"column":73},"end":{"line":35,"column":null}},"line":25}},"branchMap":{"0":{"loc":{"start":{"line":28,"column":4},"end":{"line":30,"column":null}},"type":"if","locations":[{"start":{"line":28,"column":4},"end":{"line":30,"column":null}},{"start":{},"end":{}}],"line":28}},"s":{"0":5,"1":5,"2":5,"3":4,"4":4,"5":0,"6":4,"7":4},"f":{"0":5,"1":4},"b":{"0":[0,4]},"meta":{"lastBranch":1,"lastFunction":2,"lastStatement":8,"seen":{"f:9:22:9:31":0,"s:10:10:10:Infinity":0,"s:12:19:17:Infinity":1,"s:19:4:22:Infinity":2,"f:25:22:25:44":1,"s:26:21:26:Infinity":3,"b:28:4:30:Infinity:undefined:undefined:undefined:undefined":0,"s:28:4:30:Infinity":4,"s:29:8:29:Infinity":5,"s:32:18:32:Infinity":6,"s:34:4:34:Infinity":7}}}
,"C:\\Users\\pedro\\Desktop\\Cursos\\Rocketseat\\nodejs\\src\\utils\\get-authenticated-user-from-request.ts": {"path":"C:\\Users\\pedro\\Desktop\\Cursos\\Rocketseat\\nodejs\\src\\utils\\get-authenticated-user-from-request.ts","statementMap":{"0":{"start":{"line":4,"column":17},"end":{"line":4,"column":null}},"1":{"start":{"line":6,"column":4},"end":{"line":8,"column":null}},"2":{"start":{"line":7,"column":8},"end":{"line":7,"column":null}},"3":{"start":{"line":10,"column":4},"end":{"line":10,"column":null}}},"fnMap":{"0":{"name":"getAuthenticatedUserFromRequest","decl":{"start":{"line":3,"column":16},"end":{"line":3,"column":48}},"loc":{"start":{"line":3,"column":73},"end":{"line":11,"column":null}},"line":3}},"branchMap":{"0":{"loc":{"start":{"line":6,"column":4},"end":{"line":8,"column":null}},"type":"if","locations":[{"start":{"line":6,"column":4},"end":{"line":8,"column":null}},{"start":{},"end":{}}],"line":6}},"s":{"0":3,"1":3,"2":0,"3":3},"f":{"0":3},"b":{"0":[0,3]},"meta":{"lastBranch":1,"lastFunction":1,"lastStatement":4,"seen":{"f:3:16:3:48":0,"s:4:17:4:Infinity":0,"b:6:4:8:Infinity:undefined:undefined:undefined:undefined":0,"s:6:4:8:Infinity":1,"s:7:8:7:Infinity":2,"s:10:4:10:Infinity":3}}}
}
